<?xml version="1.0" encoding="UTF-8"?>
<!-- Generated by org.testng.reporters.JUnitXMLReporter -->
<testsuite ignored="1" hostname="LAPTOP-O8GG5075" failures="0" tests="1" name="Default test" time="12.188" errors="0" timestamp="2022-08-17T07:29:02 IST">
  <testcase classname="com.qa.fb.tests.LoginTest" name="signUpTest" time="12.047"/>
  <testcase classname="com.qa.fb.tests.LoginTest" name="loginTest" time="0.0">
    <ignored/>
  </testcase> <!-- loginTest -->
</testsuite> <!-- Default test -->
