<?xml version="1.0" encoding="UTF-8"?>
<testng-results ignored="1" total="2" passed="1" failed="0" skipped="0">
  <reporter-output>
  </reporter-output>
  <suite started-at="2022-08-17T07:28:49 IST" name="Default suite" finished-at="2022-08-17T07:29:02 IST" duration-ms="12188">
    <groups>
    </groups>
    <test started-at="2022-08-17T07:28:49 IST" name="Default test" finished-at="2022-08-17T07:29:02 IST" duration-ms="12188">
      <class name="com.qa.fb.tests.LoginTest">
        <test-method signature="signUpTest()[pri:0, instance:com.qa.fb.tests.LoginTest@74a6f9c1]" started-at="2022-08-17T07:28:49 IST" name="signUpTest" finished-at="2022-08-17T07:29:01 IST" duration-ms="12047" status="PASS">
          <reporter-output>
          </reporter-output>
        </test-method> <!-- signUpTest -->
      </class> <!-- com.qa.fb.tests.LoginTest -->
    </test> <!-- Default test -->
  </suite> <!-- Default suite -->
</testng-results>
